The Project Gutenberg eBook of The Art of War
    
This ebook is for the use of anyone anywhere in the United States and
most other parts of the world at no cost and with almost no restrictions
whatsoever. You may copy it, give it away or re-use it under the terms
of the Project Gutenberg License included with this ebook or online
at www.gutenberg.org. If you are not located in the United States,
you will have to check the laws of the country where you are located
before using this eBook.

Title: The Art of War


Author: active 6th century B.C. Sunzi

Translator: Lionel Giles

Release date: May 1, 1994 [eBook #132]
                Most recently updated: October 16, 2021

Language: English

Original publication: , 1910


*** START OF THE PROJECT GUTENBERG EBOOK THE ART OF WAR ***



Sun Tzŭ
on
The Art of War

THE OLDEST MILITARY TREATISE IN THE WORLD
Translated from the Chinese with Introduction and Critical Notes

BY
LIONEL GILES, M.A.

Assistant in the Department of Oriental Printed Books and MSS.
in the British Museum




1910



To my brother
Captain Valentine Giles, R.G.
in the hope that
a work 2400 years old
may yet contain lessons worth consideration
by the soldier of today
this translation
is affectionately dedicated.



Contents


 Preface to the Project Gutenberg Etext
 Preface by Lionel Giles
 INTRODUCTION
 Sun Wu and his Book
 The Text of Sun Tzŭ
 The Commentators
 Appreciations of Sun Tzŭ
 Apologies for War
 Bibliography
 Chapter I. Laying plans
 Chapter II. Waging War
 Chapter III. Attack by Stratagem
 Chapter IV. Tactical Dispositions
 Chapter V. Energy
 Chapter VI. Weak Points and Strong
 Chapter VII Manœuvring
 Chapter VIII. Variation of Tactics
 Chapter IX. The Army on the March
 Chapter X. Terrain
 Chapter XI. The Nine Situations
 Chapter XII. The Attack by Fire
 Chapter XIII. The Use of Spies